<?xml version="1.0" encoding="UTF-8"?>
<coverage generated="1563666049">
  <project timestamp="1563666049">
    <package name="App\Controller">
      <file name="C:\xampp\htdocs\my-symfony-api\src\Controller\MovieController.php">
        <class name="App\Controller\MovieController" namespace="App\Controller">
          <metrics complexity="4" methods="2" coveredmethods="2" conditionals="0" coveredconditionals="0" statements="13" coveredstatements="13" elements="15" coveredelements="15"/>
        </class>
        <line num="22" type="method" name="getMovieAction" visibility="public" complexity="1" crap="1" count="1"/>
        <line num="24" type="stmt" count="1"/>
        <line num="25" type="stmt" count="1"/>
        <line num="26" type="stmt" count="1"/>
        <line num="34" type="method" name="postMovieAction" visibility="public" complexity="3" crap="3" count="2"/>
        <line num="36" type="stmt" count="2"/>
        <line num="37" type="stmt" count="2"/>
        <line num="38" type="stmt" count="2"/>
        <line num="39" type="stmt" count="2"/>
        <line num="40" type="stmt" count="2"/>
        <line num="41" type="stmt" count="1"/>
        <line num="42" type="stmt" count="1"/>
        <line num="43" type="stmt" count="1"/>
        <line num="44" type="stmt" count="1"/>
        <line num="47" type="stmt" count="1"/>
        <metrics loc="48" ncloc="32" classes="1" methods="2" coveredmethods="2" conditionals="0" coveredconditionals="0" statements="13" coveredstatements="13" elements="15" coveredelements="15"/>
      </file>
    </package>
    <package name="App\Entity">
      <file name="C:\xampp\htdocs\my-symfony-api\src\Entity\Event.php">
        <class name="App\Entity\Event" namespace="App\Entity">
          <metrics complexity="11" methods="7" coveredmethods="0" conditionals="0" coveredconditionals="0" statements="10" coveredstatements="0" elements="17" coveredelements="0"/>
        </class>
        <line num="36" type="method" name="getId" visibility="public" complexity="2" crap="6.00" count="0"/>
        <line num="38" type="stmt" count="0"/>
        <line num="41" type="method" name="getName" visibility="public" complexity="2" crap="6.00" count="0"/>
        <line num="43" type="stmt" count="0"/>
        <line num="46" type="method" name="setName" visibility="public" complexity="1" crap="2.00" count="0"/>
        <line num="48" type="stmt" count="0"/>
        <line num="50" type="stmt" count="0"/>
        <line num="53" type="method" name="getDatetime" visibility="public" complexity="2" crap="6.00" count="0"/>
        <line num="55" type="stmt" count="0"/>
        <line num="58" type="method" name="setDatetime" visibility="public" complexity="1" crap="2.00" count="0"/>
        <line num="60" type="stmt" count="0"/>
        <line num="62" type="stmt" count="0"/>
        <line num="65" type="method" name="getParticipants" visibility="public" complexity="2" crap="6.00" count="0"/>
        <line num="67" type="stmt" count="0"/>
        <line num="70" type="method" name="setParticipants" visibility="public" complexity="1" crap="2.00" count="0"/>
        <line num="72" type="stmt" count="0"/>
        <line num="74" type="stmt" count="0"/>
        <metrics loc="76" ncloc="58" classes="1" methods="7" coveredmethods="0" conditionals="0" coveredconditionals="0" statements="10" coveredstatements="0" elements="17" coveredelements="0"/>
      </file>
      <file name="C:\xampp\htdocs\my-symfony-api\src\Entity\Movie.php">
        <class name="App\Entity\Movie" namespace="App\Entity">
          <metrics complexity="6" methods="6" coveredmethods="4" conditionals="0" coveredconditionals="0" statements="9" coveredstatements="6" elements="15" coveredelements="10"/>
        </class>
        <line num="30" type="method" name="getId" visibility="public" complexity="1" crap="2.00" count="0"/>
        <line num="32" type="stmt" count="0"/>
        <line num="37" type="method" name="setId" visibility="public" complexity="1" crap="2.00" count="0"/>
        <line num="39" type="stmt" count="0"/>
        <line num="40" type="stmt" count="0"/>
        <line num="44" type="method" name="getName" visibility="public" complexity="1" crap="1" count="2"/>
        <line num="46" type="stmt" count="2"/>
        <line num="51" type="method" name="setName" visibility="public" complexity="1" crap="1" count="2"/>
        <line num="53" type="stmt" count="2"/>
        <line num="54" type="stmt" count="2"/>
        <line num="58" type="method" name="getDescription" visibility="public" complexity="1" crap="1" count="2"/>
        <line num="60" type="stmt" count="2"/>
        <line num="65" type="method" name="setDescription" visibility="public" complexity="1" crap="1" count="1"/>
        <line num="67" type="stmt" count="1"/>
        <line num="68" type="stmt" count="1"/>
        <metrics loc="68" ncloc="32" classes="1" methods="6" coveredmethods="4" conditionals="0" coveredconditionals="0" statements="9" coveredstatements="6" elements="15" coveredelements="10"/>
      </file>
    </package>
    <package name="App\Form">
      <file name="C:\xampp\htdocs\my-symfony-api\src\Form\MovieType.php">
        <class name="App\Form\MovieType" namespace="App\Form">
          <metrics complexity="2" methods="2" coveredmethods="2" conditionals="0" coveredconditionals="0" statements="7" coveredstatements="7" elements="9" coveredelements="9"/>
        </class>
        <line num="12" type="method" name="buildForm" visibility="public" complexity="1" crap="1" count="2"/>
        <line num="15" type="stmt" count="2"/>
        <line num="16" type="stmt" count="2"/>
        <line num="17" type="stmt" count="2"/>
        <line num="19" type="stmt" count="2"/>
        <line num="20" type="method" name="configureOptions" visibility="public" complexity="1" crap="1" count="2"/>
        <line num="22" type="stmt" count="2"/>
        <line num="23" type="stmt" count="2"/>
        <line num="26" type="stmt" count="2"/>
        <metrics loc="26" ncloc="26" classes="1" methods="2" coveredmethods="2" conditionals="0" coveredconditionals="0" statements="7" coveredstatements="7" elements="9" coveredelements="9"/>
      </file>
    </package>
    <package name="App">
      <file name="C:\xampp\htdocs\my-symfony-api\src\Kernel.php">
        <class name="App\Kernel" namespace="App">
          <metrics complexity="6" methods="4" coveredmethods="2" conditionals="0" coveredconditionals="0" statements="19" coveredstatements="6" elements="23" coveredelements="8"/>
        </class>
        <line num="18" type="method" name="registerBundles" visibility="public" complexity="3" crap="3" count="3"/>
        <line num="20" type="stmt" count="3"/>
        <line num="21" type="stmt" count="3"/>
        <line num="22" type="stmt" count="3"/>
        <line num="23" type="stmt" count="3"/>
        <line num="26" type="stmt" count="3"/>
        <line num="28" type="method" name="getProjectDir" visibility="public" complexity="1" crap="1" count="3"/>
        <line num="30" type="stmt" count="3"/>
        <line num="33" type="method" name="configureContainer" visibility="protected" complexity="1" crap="2.00" count="0"/>
        <line num="35" type="stmt" count="0"/>
        <line num="36" type="stmt" count="0"/>
        <line num="37" type="stmt" count="0"/>
        <line num="39" type="stmt" count="0"/>
        <line num="40" type="stmt" count="0"/>
        <line num="41" type="stmt" count="0"/>
        <line num="42" type="stmt" count="0"/>
        <line num="43" type="stmt" count="0"/>
        <line num="45" type="method" name="configureRoutes" visibility="protected" complexity="1" crap="2.00" count="0"/>
        <line num="47" type="stmt" count="0"/>
        <line num="49" type="stmt" count="0"/>
        <line num="50" type="stmt" count="0"/>
        <line num="51" type="stmt" count="0"/>
        <line num="52" type="stmt" count="0"/>
        <metrics loc="53" ncloc="53" classes="1" methods="4" coveredmethods="2" conditionals="0" coveredconditionals="0" statements="19" coveredstatements="6" elements="23" coveredelements="8"/>
      </file>
    </package>
    <package name="App\Repository">
      <file name="C:\xampp\htdocs\my-symfony-api\src\Repository\EventRepository.php">
        <class name="App\Repository\EventRepository" namespace="App\Repository">
          <metrics complexity="1" methods="1" coveredmethods="0" conditionals="0" coveredconditionals="0" statements="2" coveredstatements="0" elements="3" coveredelements="0"/>
        </class>
        <line num="17" type="method" name="__construct" visibility="public" complexity="1" crap="2.00" count="0"/>
        <line num="19" type="stmt" count="0"/>
        <line num="20" type="stmt" count="0"/>
        <metrics loc="23" ncloc="17" classes="1" methods="1" coveredmethods="0" conditionals="0" coveredconditionals="0" statements="2" coveredstatements="0" elements="3" coveredelements="0"/>
      </file>
    </package>
    <metrics files="6" loc="294" ncloc="218" classes="6" methods="22" coveredmethods="10" conditionals="0" coveredconditionals="0" statements="60" coveredstatements="32" elements="82" coveredelements="42"/>
  </project>
</coverage>
