<?xml version="1.0" encoding="UTF-8"?>
<testsuites>
  <testsuite name="Project Test Suite" tests="3" assertions="3" errors="0" failures="0" skipped="0" time="3.987500">
    <testsuite name="App\Tests\MovieControllerTest" file="C:\xampp\htdocs\my-symfony-api\tests\MovieControllerTest.php" tests="3" assertions="3" errors="0" failures="0" skipped="0" time="3.987500">
      <testcase name="testGetMovieAction" class="App\Tests\MovieControllerTest" classname="App.Tests.MovieControllerTest" file="C:\xampp\htdocs\my-symfony-api\tests\MovieControllerTest.php" line="9" assertions="1" time="1.840000"/>
      <testcase name="testPostMovieOkAction" class="App\Tests\MovieControllerTest" classname="App.Tests.MovieControllerTest" file="C:\xampp\htdocs\my-symfony-api\tests\MovieControllerTest.php" line="19" assertions="1" time="1.217500"/>
      <testcase name="testPostMovieKoAction" class="App\Tests\MovieControllerTest" classname="App.Tests.MovieControllerTest" file="C:\xampp\htdocs\my-symfony-api\tests\MovieControllerTest.php" line="40" assertions="1" time="0.930000">
        <system-out>C:\xampp\htdocs\my-symfony-api\tests\MovieControllerTest.php:56:
class Symfony\Component\HttpFoundation\Response#3616 (6) {
  public $headers =&gt;
  class Symfony\Component\HttpFoundation\ResponseHeaderBag#3618 (5) {
    protected $computedCacheControl =&gt;
    array(2) {
      'no-cache' =&gt;
      bool(true)
      'private' =&gt;
      bool(true)
    }
    protected $cookies =&gt;
    array(0) {
    }
    protected $headerNames =&gt;
    array(5) {
      'cache-control' =&gt;
      string(13) "Cache-Control"
      'date' =&gt;
      string(4) "Date"
      'content-type' =&gt;
      string(12) "Content-Type"
      'link' =&gt;
      string(4) "Link"
      'x-robots-tag' =&gt;
      string(12) "X-Robots-Tag"
    }
    protected $headers =&gt;
    array(5) {
      'cache-control' =&gt;
      array(1) {
        ...
      }
      'date' =&gt;
      array(1) {
        ...
      }
      'content-type' =&gt;
      array(1) {
        ...
      }
      'link' =&gt;
      array(1) {
        ...
      }
      'x-robots-tag' =&gt;
      array(1) {
        ...
      }
    }
    protected $cacheControl =&gt;
    array(0) {
    }
  }
  protected $content =&gt;
  string(106) "{"form":{"children":{"name":{},"description":{"errors":["This value should not be blank."]}}},"errors":[]}"
  protected $version =&gt;
  string(3) "1.1"
  protected $statusCode =&gt;
  int(200)
  protected $statusText =&gt;
  string(2) "OK"
  protected $charset =&gt;
  string(5) "UTF-8"
}
</system-out>
      </testcase>
    </testsuite>
  </testsuite>
</testsuites>
